[gfRigSystem] [INFO]: Log catcher initialized.
[gfRigSystem] [INFO]: Naming convention [0]: [component]_[side]_[var]_[type]
[gfRigSystem] [INFO]: Naming convention [1]: [type]_[side]_[component]_[var]
[gfRigSystem] [INFO]: Naming convention setted to [0]
[gfRigSystem] [INFO]: Character hierarchy created.
[gfRigSystem] [INFO]: Naming convention setted to [1]
[gfRigSystem] [INFO]: Character hierarchy created.
[gfRigSystem] [WARNING]: Character hierarchy [char_charles] alread exists, operation skipped.
[gfRigSystem] [INFO]: Log file exported successfully to (C:/Users/gfranca/Documents/maya/2017/scripts/gfTools/gfRigSystem/Charles.log)

[gfRigSystem] [INFO]: Log catcher initialized.
[gfRigSystem] [INFO]: Naming convention [0]: [component]_[side]_[var]_[type]
[gfRigSystem] [INFO]: Naming convention [1]: [type]_[side]_[component]_[var]
[gfRigSystem] [INFO]: Naming convention setted to [0]
[gfRigSystem] [INFO]: Character hierarchy created.
[gfRigSystem] [INFO]: Naming convention setted to [1]
[gfRigSystem] [INFO]: Character hierarchy created.
[gfRigSystem] [WARNING]: Character hierarchy [char_charles] alread exists, operation skipped.
[gfRigSystem] [INFO]: Log file exported successfully to (C:/Users/gfranca/Documents/maya/2017/scripts/gfTools/gfRigSystem/Charles.log)

[gfRigSystem] [INFO]: Log catcher paused.
[gfRigSystem] [INFO]: Log catcher initialized.
[gfRigSystem] [INFO]: Naming convention [0]: [component]_[side]_[var]_[type]
[gfRigSystem] [INFO]: Naming convention [1]: [type]_[side]_[component]_[var]
[gfRigSystem] [INFO]: Naming convention setted to [1]
[gfRigSystem] [INFO]: Character hierarchy created.
[gfRigSystem] [INFO]: Log file exported successfully to (C:/Users/gfranca/Documents/maya/2017/scripts/gfTools/gfRigSystem/Charles.log)
